<?xml version="1.0" encoding="UTF-8"?>
<!-- Generated by org.testng.reporters.JUnitReportReporter -->
<testsuite skipped="0" hostname="Dhadavai" name="com.inetbanking.testcases.TC_LoginDDT_002" tests="3" failures="0" timestamp="26 Mar 2021 08:43:50 GMT" time="8.976" errors="0">
  <testcase name="loginDDT" time="3.907" classname="com.inetbanking.testcases.TC_LoginDDT_002"/>
  <testcase name="loginDDT" time="2.616" classname="com.inetbanking.testcases.TC_LoginDDT_002"/>
  <testcase name="loginDDT" time="2.453" classname="com.inetbanking.testcases.TC_LoginDDT_002"/>
</testsuite> <!-- com.inetbanking.testcases.TC_LoginDDT_002 -->
