<?xml version="1.0" encoding="UTF-8"?>
<!-- Generated by org.testng.reporters.JUnitReportReporter -->
<testsuite skipped="0" hostname="Dhadavai" name="com.inetbanking.testcases.TC_LoginTest_001" tests="1" failures="0" timestamp="27 Mar 2021 07:19:56 GMT" time="2.920" errors="0">
  <testcase name="loginTest" time="2.920" classname="com.inetbanking.testcases.TC_LoginTest_001"/>
</testsuite> <!-- com.inetbanking.testcases.TC_LoginTest_001 -->
